<?xml version="1.0" encoding="UTF-8"?>
<testng-results skipped="0" failed="0" total="1" passed="1">
  <reporter-output>
  </reporter-output>
  <suite name="Default suite" duration-ms="10158" started-at="2016-11-27T01:18:53Z" finished-at="2016-11-27T01:19:03Z">
    <groups>
    </groups>
    <test name="Default test" duration-ms="10158" started-at="2016-11-27T01:18:53Z" finished-at="2016-11-27T01:19:03Z">
      <class name="package1.Grid_3">
        <test-method status="PASS" signature="setUp()[pri:0, instance:package1.Grid_3@1933fd1]" name="setUp" is-config="true" duration-ms="4095" started-at="2016-11-26T19:18:53Z" finished-at="2016-11-26T19:18:57Z">
          <reporter-output>
          </reporter-output>
        </test-method> <!-- setUp -->
        <test-method status="PASS" signature="simpleTest()[pri:0, instance:package1.Grid_3@1933fd1]" name="simpleTest" duration-ms="3273" started-at="2016-11-26T19:18:57Z" finished-at="2016-11-26T19:19:00Z">
          <reporter-output>
          </reporter-output>
        </test-method> <!-- simpleTest -->
        <test-method status="PASS" signature="tearDown()[pri:0, instance:package1.Grid_3@1933fd1]" name="tearDown" is-config="true" duration-ms="2758" started-at="2016-11-26T19:19:00Z" finished-at="2016-11-26T19:19:03Z">
          <reporter-output>
          </reporter-output>
        </test-method> <!-- tearDown -->
      </class> <!-- package1.Grid_3 -->
    </test> <!-- Default test -->
  </suite> <!-- Default suite -->
</testng-results>
